2017-05-23 18:11:11,822 [ERROR] django.request: Internal Server Error: /admin/webapp/token/
Traceback (most recent call last):
  File "C:\Python27\lib\site-packages\django\core\handlers\base.py", line 174, in get_response
    response = self.process_exception_by_middleware(e, request)
  File "C:\Python27\lib\site-packages\django\core\handlers\base.py", line 172, in get_response
    response = response.render()
  File "C:\Python27\lib\site-packages\django\template\response.py", line 160, in render
    self.content = self.rendered_content
  File "C:\Python27\lib\site-packages\django\template\response.py", line 137, in rendered_content
    content = template.render(context, self._request)
  File "C:\Python27\lib\site-packages\django\template\backends\django.py", line 95, in render
    return self.template.render(context)
  File "C:\Python27\lib\site-packages\django\template\base.py", line 206, in render
    return self._render(context)
  File "C:\Python27\lib\site-packages\django\template\base.py", line 197, in _render
    return self.nodelist.render(context)
  File "C:\Python27\lib\site-packages\django\template\base.py", line 988, in render
    bit = node.render_annotated(context)
  File "C:\Python27\lib\site-packages\django\template\base.py", line 955, in render_annotated
    return self.render(context)
  File "C:\Python27\lib\site-packages\django\template\loader_tags.py", line 173, in render
    return compiled_parent._render(context)
  File "C:\Python27\lib\site-packages\django\template\base.py", line 197, in _render
    return self.nodelist.render(context)
  File "C:\Python27\lib\site-packages\django\template\base.py", line 988, in render
    bit = node.render_annotated(context)
  File "C:\Python27\lib\site-packages\django\template\base.py", line 955, in render_annotated
    return self.render(context)
  File "C:\Python27\lib\site-packages\django\template\loader_tags.py", line 173, in render
    return compiled_parent._render(context)
  File "C:\Python27\lib\site-packages\django\template\base.py", line 197, in _render
    return self.nodelist.render(context)
  File "C:\Python27\lib\site-packages\django\template\base.py", line 988, in render
    bit = node.render_annotated(context)
  File "C:\Python27\lib\site-packages\django\template\base.py", line 955, in render_annotated
    return self.render(context)
  File "C:\Python27\lib\site-packages\django\template\loader_tags.py", line 69, in render
    result = block.nodelist.render(context)
  File "C:\Python27\lib\site-packages\django\template\base.py", line 988, in render
    bit = node.render_annotated(context)
  File "C:\Python27\lib\site-packages\django\template\base.py", line 955, in render_annotated
    return self.render(context)
  File "C:\Python27\lib\site-packages\django\template\loader_tags.py", line 69, in render
    result = block.nodelist.render(context)
  File "C:\Python27\lib\site-packages\django\template\base.py", line 988, in render
    bit = node.render_annotated(context)
  File "C:\Python27\lib\site-packages\django\template\base.py", line 955, in render_annotated
    return self.render(context)
  File "C:\Python27\lib\site-packages\django\template\library.py", line 223, in render
    _dict = self.func(*resolved_args, **resolved_kwargs)
  File "C:\Python27\lib\site-packages\django\contrib\admin\templatetags\admin_list.py", line 317, in result_list
    headers = list(result_headers(cl))
  File "C:\Python27\lib\site-packages\django\contrib\admin\templatetags\admin_list.py", line 104, in result_headers
    return_attr=True
  File "C:\Python27\lib\site-packages\django\contrib\admin\utils.py", line 349, in label_for_field
    raise AttributeError(message)
AttributeError: Unable to lookup 'vendor__vendorName' on Token or TokenList
2017-05-23 18:33:13,855 [WARNING] django.request: Not Found: /static/admin/css/base.css
2017-05-23 18:33:13,887 [WARNING] django.request: Not Found: /static/admin/js/vendor/jquery/jquery.min.js
2017-05-23 18:33:13,887 [WARNING] django.request: Not Found: /static/admin/js/actions.min.js
2017-05-23 18:33:13,887 [WARNING] django.request: Not Found: /static/admin/js/prepopulate.min.js
2017-05-23 18:33:46,213 [WARNING] django.request: Not Found: /static/admin/css/base.css
2017-05-23 18:33:46,229 [WARNING] django.request: Not Found: /static/admin/js/vendor/jquery/jquery.min.js
2017-05-23 18:33:46,229 [WARNING] django.request: Not Found: /static/admin/js/actions.min.js
2017-05-23 18:33:46,229 [WARNING] django.request: Not Found: /static/admin/js/prepopulate.min.js
2017-05-23 18:34:08,852 [WARNING] django.request: Not Found: /static/admin/css/base.css
2017-05-23 18:34:08,868 [WARNING] django.request: Not Found: /static/admin/js/vendor/jquery/jquery.min.js
2017-05-23 18:34:08,868 [WARNING] django.request: Not Found: /static/admin/js/actions.min.js
2017-05-23 18:34:08,868 [WARNING] django.request: Not Found: /static/admin/js/prepopulate.min.js
2017-05-23 18:34:40,947 [ERROR] django.request: Internal Server Error: /admin/webapp/token/
Traceback (most recent call last):
  File "C:\Python27\lib\site-packages\django\core\handlers\base.py", line 174, in get_response
    response = self.process_exception_by_middleware(e, request)
  File "C:\Python27\lib\site-packages\django\core\handlers\base.py", line 172, in get_response
    response = response.render()
  File "C:\Python27\lib\site-packages\django\template\response.py", line 160, in render
    self.content = self.rendered_content
  File "C:\Python27\lib\site-packages\django\template\response.py", line 137, in rendered_content
    content = template.render(context, self._request)
  File "C:\Python27\lib\site-packages\django\template\backends\django.py", line 95, in render
    return self.template.render(context)
  File "C:\Python27\lib\site-packages\django\template\base.py", line 206, in render
    return self._render(context)
  File "C:\Python27\lib\site-packages\django\template\base.py", line 197, in _render
    return self.nodelist.render(context)
  File "C:\Python27\lib\site-packages\django\template\base.py", line 988, in render
    bit = node.render_annotated(context)
  File "C:\Python27\lib\site-packages\django\template\base.py", line 955, in render_annotated
    return self.render(context)
  File "C:\Python27\lib\site-packages\django\template\loader_tags.py", line 173, in render
    return compiled_parent._render(context)
  File "C:\Python27\lib\site-packages\django\template\base.py", line 197, in _render
    return self.nodelist.render(context)
  File "C:\Python27\lib\site-packages\django\template\base.py", line 988, in render
    bit = node.render_annotated(context)
  File "C:\Python27\lib\site-packages\django\template\base.py", line 955, in render_annotated
    return self.render(context)
  File "C:\Python27\lib\site-packages\django\template\loader_tags.py", line 173, in render
    return compiled_parent._render(context)
  File "C:\Python27\lib\site-packages\django\template\base.py", line 197, in _render
    return self.nodelist.render(context)
  File "C:\Python27\lib\site-packages\django\template\base.py", line 988, in render
    bit = node.render_annotated(context)
  File "C:\Python27\lib\site-packages\django\template\base.py", line 955, in render_annotated
    return self.render(context)
  File "C:\Python27\lib\site-packages\django\template\loader_tags.py", line 69, in render
    result = block.nodelist.render(context)
  File "C:\Python27\lib\site-packages\django\template\base.py", line 988, in render
    bit = node.render_annotated(context)
  File "C:\Python27\lib\site-packages\django\template\base.py", line 955, in render_annotated
    return self.render(context)
  File "C:\Python27\lib\site-packages\django\template\loader_tags.py", line 69, in render
    result = block.nodelist.render(context)
  File "C:\Python27\lib\site-packages\django\template\base.py", line 988, in render
    bit = node.render_annotated(context)
  File "C:\Python27\lib\site-packages\django\template\base.py", line 955, in render_annotated
    return self.render(context)
  File "C:\Python27\lib\site-packages\django\template\library.py", line 223, in render
    _dict = self.func(*resolved_args, **resolved_kwargs)
  File "C:\Python27\lib\site-packages\django\contrib\admin\templatetags\admin_list.py", line 317, in result_list
    headers = list(result_headers(cl))
  File "C:\Python27\lib\site-packages\django\contrib\admin\templatetags\admin_list.py", line 104, in result_headers
    return_attr=True
  File "C:\Python27\lib\site-packages\django\contrib\admin\utils.py", line 349, in label_for_field
    raise AttributeError(message)
AttributeError: Unable to lookup 'barcode_number' on Token or TokenList
2017-05-23 18:34:59,737 [WARNING] django.request: Not Found: /static/admin/css/base.css
2017-05-23 18:34:59,737 [WARNING] django.request: Not Found: /static/admin/js/vendor/jquery/jquery.min.js
2017-05-23 18:34:59,737 [WARNING] django.request: Not Found: /static/admin/js/actions.min.js
2017-05-23 18:34:59,753 [WARNING] django.request: Not Found: /static/admin/js/prepopulate.min.js
2017-05-23 18:35:19,006 [WARNING] django.request: Not Found: /static/admin/css/base.css
2017-05-23 18:35:19,006 [WARNING] django.request: Not Found: /static/admin/js/vendor/jquery/jquery.min.js
2017-05-23 18:35:19,022 [WARNING] django.request: Not Found: /static/admin/js/actions.min.js
2017-05-23 18:35:19,022 [WARNING] django.request: Not Found: /static/admin/js/prepopulate.min.js
2017-05-23 18:35:23,693 [WARNING] django.request: Not Found: /static/admin/css/base.css
2017-05-23 18:35:23,709 [WARNING] django.request: Not Found: /static/admin/css/forms.css
2017-05-23 18:35:23,709 [WARNING] django.request: Not Found: /static/admin/js/vendor/jquery/jquery.min.js
2017-05-23 18:35:23,709 [WARNING] django.request: Not Found: /static/admin/js/actions.min.js
2017-05-23 18:35:23,724 [WARNING] django.request: Not Found: /static/admin/js/prepopulate.min.js
2017-05-23 18:35:23,724 [WARNING] django.request: Not Found: /static/admin/js/calendar.js
2017-05-23 18:35:23,740 [WARNING] django.request: Not Found: /static/admin/js/admin/DateTimeShortcuts.js
2017-05-23 18:35:28,365 [WARNING] django.request: Not Found: /static/admin/css/base.css
2017-05-23 18:35:28,365 [WARNING] django.request: Not Found: /static/admin/js/vendor/jquery/jquery.min.js
2017-05-23 18:35:28,365 [WARNING] django.request: Not Found: /static/admin/js/actions.min.js
2017-05-23 18:35:28,381 [WARNING] django.request: Not Found: /static/admin/js/prepopulate.min.js
2017-05-23 18:35:43,552 [WARNING] django.request: Not Found: /static/admin/css/base.css
2017-05-23 18:35:43,566 [WARNING] django.request: Not Found: /static/admin/js/vendor/jquery/jquery.min.js
2017-05-23 18:35:43,566 [WARNING] django.request: Not Found: /static/admin/js/actions.min.js
2017-05-23 18:35:43,566 [WARNING] django.request: Not Found: /static/admin/js/prepopulate.min.js
2017-05-23 18:35:47,881 [WARNING] django.request: Not Found: /static/admin/css/base.css
2017-05-23 18:35:47,897 [WARNING] django.request: Not Found: /static/admin/js/vendor/jquery/jquery.min.js
2017-05-23 18:35:47,901 [WARNING] django.request: Not Found: /static/admin/js/actions.min.js
2017-05-23 18:35:47,905 [WARNING] django.request: Not Found: /static/admin/js/prepopulate.min.js
2017-05-23 18:36:19,940 [WARNING] django.request: Not Found: /static/admin/css/base.css
2017-05-23 18:36:19,940 [WARNING] django.request: Not Found: /static/admin/js/vendor/jquery/jquery.min.js
2017-05-23 18:36:19,940 [WARNING] django.request: Not Found: /static/admin/js/actions.min.js
2017-05-23 18:36:19,957 [WARNING] django.request: Not Found: /static/admin/js/prepopulate.min.js
2017-05-23 18:36:30,223 [WARNING] django.request: Not Found: /static/admin/css/base.css
2017-05-23 18:36:30,223 [WARNING] django.request: Not Found: /static/admin/css/dashboard.css
2017-05-23 18:36:32,082 [WARNING] django.request: Not Found: /static/admin/css/base.css
2017-05-23 18:36:32,082 [WARNING] django.request: Not Found: /static/admin/js/vendor/jquery/jquery.min.js
2017-05-23 18:36:32,098 [WARNING] django.request: Not Found: /static/admin/js/actions.min.js
2017-05-23 18:36:32,098 [WARNING] django.request: Not Found: /static/admin/js/prepopulate.min.js
2017-05-23 18:41:51,569 [WARNING] django.request: Not Found: /static/admin/css/base.css
2017-05-23 18:41:51,585 [WARNING] django.request: Not Found: /static/admin/js/vendor/jquery/jquery.min.js
2017-05-23 18:41:51,585 [WARNING] django.request: Not Found: /static/admin/js/actions.min.js
2017-05-23 18:41:51,585 [WARNING] django.request: Not Found: /static/admin/js/prepopulate.min.js
2017-05-23 18:42:05,510 [WARNING] django.request: Not Found: /static/admin/css/base.css
2017-05-23 18:42:05,519 [WARNING] django.request: Not Found: /static/admin/css/changelists.css
2017-05-23 18:42:05,519 [WARNING] django.request: Not Found: /static/admin/js/core.js
2017-05-23 18:42:05,519 [WARNING] django.request: Not Found: /static/admin/js/admin/RelatedObjectLookups.js
2017-05-23 18:42:05,523 [WARNING] django.request: Not Found: /static/admin/js/vendor/jquery/jquery.min.js
2017-05-23 18:42:05,542 [WARNING] django.request: Not Found: /static/admin/js/jquery.init.js
2017-05-23 18:42:05,551 [WARNING] django.request: Not Found: /static/admin/js/actions.min.js
2017-05-23 18:42:05,555 [WARNING] django.request: Not Found: /static/admin/js/urlify.js
2017-05-23 18:42:05,559 [WARNING] django.request: Not Found: /static/admin/js/prepopulate.min.js
2017-05-23 18:42:05,562 [WARNING] django.request: Not Found: /static/admin/js/vendor/xregexp/xregexp.min.js
2017-05-23 18:42:05,588 [WARNING] django.request: Not Found: /static/admin/js/core.js
2017-05-23 18:42:05,592 [WARNING] django.request: Not Found: /static/admin/js/admin/RelatedObjectLookups.js
2017-05-23 18:42:05,599 [WARNING] django.request: Not Found: /static/admin/js/vendor/jquery/jquery.min.js
2017-05-23 18:42:05,608 [WARNING] django.request: Not Found: /static/admin/js/jquery.init.js
2017-05-23 18:42:05,611 [WARNING] django.request: Not Found: /static/admin/js/actions.min.js
2017-05-23 18:42:05,619 [WARNING] django.request: Not Found: /static/admin/js/urlify.js
2017-05-23 18:42:05,628 [WARNING] django.request: Not Found: /static/admin/js/prepopulate.min.js
2017-05-23 18:42:05,635 [WARNING] django.request: Not Found: /static/admin/js/vendor/xregexp/xregexp.min.js
2017-05-23 18:46:48,571 [WARNING] django.request: Not Found: /static/admin/css/base.css
2017-05-23 18:46:48,579 [WARNING] django.request: Not Found: /static/admin/js/admin/RelatedObjectLookups.js
2017-05-23 18:46:48,579 [WARNING] django.request: Not Found: /static/admin/js/core.js
2017-05-23 18:46:48,579 [WARNING] django.request: Not Found: /static/admin/css/changelists.css
2017-05-23 18:46:48,584 [WARNING] django.request: Not Found: /static/admin/js/vendor/jquery/jquery.min.js
2017-05-23 18:46:48,604 [WARNING] django.request: Not Found: /static/admin/js/jquery.init.js
2017-05-23 18:46:48,611 [WARNING] django.request: Not Found: /static/admin/js/actions.min.js
2017-05-23 18:46:48,615 [WARNING] django.request: Not Found: /static/admin/js/urlify.js
2017-05-23 18:46:48,619 [WARNING] django.request: Not Found: /static/admin/js/prepopulate.min.js
2017-05-23 18:46:48,624 [WARNING] django.request: Not Found: /static/admin/js/vendor/xregexp/xregexp.min.js
2017-05-23 18:46:48,684 [WARNING] django.request: Not Found: /static/admin/js/core.js
2017-05-23 18:46:48,691 [WARNING] django.request: Not Found: /static/admin/js/admin/RelatedObjectLookups.js
2017-05-23 18:46:48,703 [WARNING] django.request: Not Found: /static/admin/js/vendor/jquery/jquery.min.js
2017-05-23 18:46:48,711 [WARNING] django.request: Not Found: /static/admin/js/jquery.init.js
2017-05-23 18:46:48,720 [WARNING] django.request: Not Found: /static/admin/js/actions.min.js
2017-05-23 18:46:48,727 [WARNING] django.request: Not Found: /static/admin/js/urlify.js
2017-05-23 18:46:48,736 [WARNING] django.request: Not Found: /static/admin/js/prepopulate.min.js
2017-05-23 18:46:48,747 [WARNING] django.request: Not Found: /static/admin/js/vendor/xregexp/xregexp.min.js
2017-05-23 18:47:13,796 [WARNING] django.request: Not Found: /static/admin/css/base.css
2017-05-23 18:47:13,803 [WARNING] django.request: Not Found: /static/admin/css/changelists.css
2017-05-23 18:47:13,808 [WARNING] django.request: Not Found: /static/admin/js/core.js
2017-05-23 18:47:13,812 [WARNING] django.request: Not Found: /static/admin/js/admin/RelatedObjectLookups.js
2017-05-23 18:47:13,815 [WARNING] django.request: Not Found: /static/admin/js/vendor/jquery/jquery.min.js
2017-05-23 18:47:13,839 [WARNING] django.request: Not Found: /static/admin/js/jquery.init.js
2017-05-23 18:47:13,848 [WARNING] django.request: Not Found: /static/admin/js/actions.min.js
2017-05-23 18:47:13,851 [WARNING] django.request: Not Found: /static/admin/js/urlify.js
2017-05-23 18:47:13,859 [WARNING] django.request: Not Found: /static/admin/js/prepopulate.min.js
2017-05-23 18:47:13,864 [WARNING] django.request: Not Found: /static/admin/js/vendor/xregexp/xregexp.min.js
2017-05-23 18:47:13,920 [WARNING] django.request: Not Found: /static/admin/js/core.js
2017-05-23 18:47:13,931 [WARNING] django.request: Not Found: /static/admin/js/admin/RelatedObjectLookups.js
2017-05-23 18:47:13,940 [WARNING] django.request: Not Found: /static/admin/js/vendor/jquery/jquery.min.js
2017-05-23 18:47:13,947 [WARNING] django.request: Not Found: /static/admin/js/jquery.init.js
2017-05-23 18:47:13,956 [WARNING] django.request: Not Found: /static/admin/js/actions.min.js
2017-05-23 18:47:13,967 [WARNING] django.request: Not Found: /static/admin/js/urlify.js
2017-05-23 18:47:13,976 [WARNING] django.request: Not Found: /static/admin/js/prepopulate.min.js
2017-05-23 18:47:13,987 [WARNING] django.request: Not Found: /static/admin/js/vendor/xregexp/xregexp.min.js
2017-05-23 18:47:46,391 [WARNING] django.request: Not Found: /static/admin/css/base.css
2017-05-23 18:47:46,398 [WARNING] django.request: Not Found: /static/admin/css/changelists.css
2017-05-23 18:47:46,403 [WARNING] django.request: Not Found: /static/admin/js/core.js
2017-05-23 18:47:46,407 [WARNING] django.request: Not Found: /static/admin/js/admin/RelatedObjectLookups.js
2017-05-23 18:47:46,411 [WARNING] django.request: Not Found: /static/admin/js/vendor/jquery/jquery.min.js
2017-05-23 18:47:46,427 [WARNING] django.request: Not Found: /static/admin/js/jquery.init.js
2017-05-23 18:47:46,434 [WARNING] django.request: Not Found: /static/admin/js/actions.min.js
2017-05-23 18:47:46,443 [WARNING] django.request: Not Found: /static/admin/js/urlify.js
2017-05-23 18:47:46,447 [WARNING] django.request: Not Found: /static/admin/js/prepopulate.min.js
2017-05-23 18:47:46,450 [WARNING] django.request: Not Found: /static/admin/js/vendor/xregexp/xregexp.min.js
2017-05-23 18:47:46,503 [WARNING] django.request: Not Found: /static/admin/js/core.js
2017-05-23 18:47:46,506 [WARNING] django.request: Not Found: /static/admin/js/admin/RelatedObjectLookups.js
2017-05-23 18:47:46,515 [WARNING] django.request: Not Found: /static/admin/js/vendor/jquery/jquery.min.js
2017-05-23 18:47:46,523 [WARNING] django.request: Not Found: /static/admin/js/jquery.init.js
2017-05-23 18:47:46,526 [WARNING] django.request: Not Found: /static/admin/js/actions.min.js
2017-05-23 18:47:46,535 [WARNING] django.request: Not Found: /static/admin/js/urlify.js
2017-05-23 18:47:46,542 [WARNING] django.request: Not Found: /static/admin/js/prepopulate.min.js
2017-05-23 18:47:46,546 [WARNING] django.request: Not Found: /static/admin/js/vendor/xregexp/xregexp.min.js
2017-05-23 18:48:02,601 [WARNING] django.request: Not Found: /static/admin/css/base.css
2017-05-23 18:48:02,612 [WARNING] django.request: Not Found: /static/admin/css/changelists.css
2017-05-23 18:48:02,617 [WARNING] django.request: Not Found: /static/admin/js/core.js
2017-05-23 18:48:02,621 [WARNING] django.request: Not Found: /static/admin/js/admin/RelatedObjectLookups.js
2017-05-23 18:48:02,625 [WARNING] django.request: Not Found: /static/admin/js/vendor/jquery/jquery.min.js
2017-05-23 18:48:02,632 [WARNING] django.request: Not Found: /static/admin/js/jquery.init.js
2017-05-23 18:48:02,637 [WARNING] django.request: Not Found: /static/admin/js/actions.min.js
2017-05-23 18:48:02,641 [WARNING] django.request: Not Found: /static/admin/js/urlify.js
2017-05-23 18:48:02,653 [WARNING] django.request: Not Found: /static/admin/js/prepopulate.min.js
2017-05-23 18:48:02,664 [WARNING] django.request: Not Found: /static/admin/js/vendor/xregexp/xregexp.min.js
2017-05-23 18:48:10,336 [WARNING] django.request: Not Found: /static/admin/js/core.js
2017-05-23 18:48:10,341 [WARNING] django.request: Not Found: /static/admin/js/admin/RelatedObjectLookups.js
2017-05-23 18:48:10,348 [WARNING] django.request: Not Found: /static/admin/js/vendor/jquery/jquery.min.js
2017-05-23 18:48:10,352 [WARNING] django.request: Not Found: /static/admin/js/jquery.init.js
2017-05-23 18:48:10,365 [WARNING] django.request: Not Found: /static/admin/js/actions.min.js
2017-05-23 18:48:10,371 [WARNING] django.request: Not Found: /static/admin/js/urlify.js
2017-05-23 18:48:10,378 [WARNING] django.request: Not Found: /static/admin/js/prepopulate.min.js
2017-05-23 18:48:10,384 [WARNING] django.request: Not Found: /static/admin/js/vendor/xregexp/xregexp.min.js
2017-05-23 18:48:24,048 [WARNING] django.request: Not Found: /static/admin/css/base.css
2017-05-23 18:48:24,055 [WARNING] django.request: Not Found: /static/admin/css/changelists.css
2017-05-23 18:48:24,062 [WARNING] django.request: Not Found: /static/admin/js/core.js
2017-05-23 18:48:24,068 [WARNING] django.request: Not Found: /static/admin/js/admin/RelatedObjectLookups.js
2017-05-23 18:48:24,072 [WARNING] django.request: Not Found: /static/admin/js/vendor/jquery/jquery.min.js
2017-05-23 18:48:24,081 [WARNING] django.request: Not Found: /static/admin/js/jquery.init.js
2017-05-23 18:48:24,092 [WARNING] django.request: Not Found: /static/admin/js/actions.min.js
2017-05-23 18:48:24,101 [WARNING] django.request: Not Found: /static/admin/js/urlify.js
2017-05-23 18:48:24,105 [WARNING] django.request: Not Found: /static/admin/js/prepopulate.min.js
2017-05-23 18:48:24,112 [WARNING] django.request: Not Found: /static/admin/js/vendor/xregexp/xregexp.min.js
2017-05-23 18:48:24,164 [WARNING] django.request: Not Found: /static/admin/js/core.js
2017-05-23 18:48:24,173 [WARNING] django.request: Not Found: /static/admin/js/admin/RelatedObjectLookups.js
2017-05-23 18:48:24,177 [WARNING] django.request: Not Found: /static/admin/js/vendor/jquery/jquery.min.js
2017-05-23 18:48:24,184 [WARNING] django.request: Not Found: /static/admin/js/jquery.init.js
2017-05-23 18:48:24,193 [WARNING] django.request: Not Found: /static/admin/js/actions.min.js
2017-05-23 18:48:24,200 [WARNING] django.request: Not Found: /static/admin/js/urlify.js
2017-05-23 18:48:24,204 [WARNING] django.request: Not Found: /static/admin/js/prepopulate.min.js
2017-05-23 18:48:24,213 [WARNING] django.request: Not Found: /static/admin/js/vendor/xregexp/xregexp.min.js
2017-05-23 18:50:38,676 [WARNING] django.request: Not Found: /static/admin/css/base.css
2017-05-23 18:50:38,676 [WARNING] django.request: Not Found: /static/admin/js/core.js
2017-05-23 18:50:38,676 [WARNING] django.request: Not Found: /static/admin/css/changelists.css
2017-05-23 18:50:38,676 [WARNING] django.request: Not Found: /static/admin/js/admin/RelatedObjectLookups.js
2017-05-23 18:50:38,700 [WARNING] django.request: Not Found: /static/admin/js/vendor/jquery/jquery.min.js
2017-05-23 18:50:38,703 [WARNING] django.request: Not Found: /static/admin/js/jquery.init.js
2017-05-23 18:50:38,707 [WARNING] django.request: Not Found: /static/admin/js/actions.min.js
2017-05-23 18:50:38,707 [WARNING] django.request: Not Found: /static/admin/js/urlify.js
2017-05-23 18:50:38,732 [WARNING] django.request: Not Found: /static/admin/js/prepopulate.min.js
2017-05-23 18:50:38,732 [WARNING] django.request: Not Found: /static/admin/js/vendor/xregexp/xregexp.min.js
2017-05-23 18:50:49,404 [WARNING] django.request: Not Found: /static/admin/js/core.js
2017-05-23 18:50:49,407 [WARNING] django.request: Not Found: /static/admin/js/admin/RelatedObjectLookups.js
2017-05-23 18:50:49,415 [WARNING] django.request: Not Found: /static/admin/js/vendor/jquery/jquery.min.js
2017-05-23 18:50:49,424 [WARNING] django.request: Not Found: /static/admin/js/jquery.init.js
2017-05-23 18:50:49,431 [WARNING] django.request: Not Found: /static/admin/js/actions.min.js
2017-05-23 18:50:49,436 [WARNING] django.request: Not Found: /static/admin/js/urlify.js
2017-05-23 18:50:49,444 [WARNING] django.request: Not Found: /static/admin/js/prepopulate.min.js
2017-05-23 18:50:49,451 [WARNING] django.request: Not Found: /static/admin/js/vendor/xregexp/xregexp.min.js
2017-05-23 18:52:04,471 [WARNING] django.request: Not Found: /static/admin/css/base.css
2017-05-23 18:52:04,471 [WARNING] django.request: Not Found: /static/admin/css/changelists.css
2017-05-23 18:52:04,476 [WARNING] django.request: Not Found: /static/admin/js/core.js
2017-05-23 18:52:04,480 [WARNING] django.request: Not Found: /static/admin/js/admin/RelatedObjectLookups.js
2017-05-23 18:52:04,480 [WARNING] django.request: Not Found: /static/admin/js/vendor/jquery/jquery.min.js
2017-05-23 18:52:04,503 [WARNING] django.request: Not Found: /static/admin/js/jquery.init.js
2017-05-23 18:52:04,507 [WARNING] django.request: Not Found: /static/admin/js/actions.min.js
2017-05-23 18:52:04,507 [WARNING] django.request: Not Found: /static/admin/js/urlify.js
2017-05-23 18:52:04,512 [WARNING] django.request: Not Found: /static/admin/js/prepopulate.min.js
2017-05-23 18:52:04,512 [WARNING] django.request: Not Found: /static/admin/js/vendor/xregexp/xregexp.min.js
2017-05-23 18:52:04,571 [WARNING] django.request: Not Found: /static/admin/js/core.js
2017-05-23 18:52:04,578 [WARNING] django.request: Not Found: /static/admin/js/admin/RelatedObjectLookups.js
2017-05-23 18:52:04,586 [WARNING] django.request: Not Found: /static/admin/js/vendor/jquery/jquery.min.js
2017-05-23 18:52:04,591 [WARNING] django.request: Not Found: /static/admin/js/jquery.init.js
2017-05-23 18:52:04,598 [WARNING] django.request: Not Found: /static/admin/js/actions.min.js
2017-05-23 18:52:04,607 [WARNING] django.request: Not Found: /static/admin/js/urlify.js
2017-05-23 18:52:04,611 [WARNING] django.request: Not Found: /static/admin/js/prepopulate.min.js
2017-05-23 18:52:04,618 [WARNING] django.request: Not Found: /static/admin/js/vendor/xregexp/xregexp.min.js
2017-05-23 18:53:09,299 [WARNING] django.request: Not Found: /static/admin/css/base.css
2017-05-23 18:53:09,299 [WARNING] django.request: Not Found: /static/admin/js/vendor/jquery/jquery.min.js
2017-05-23 18:53:09,315 [WARNING] django.request: Not Found: /static/admin/js/actions.min.js
2017-05-23 18:53:09,315 [WARNING] django.request: Not Found: /static/admin/js/prepopulate.min.js
